This is pdfTeX, Version 3.14159265-2.6-1.40.16 (TeX Live 2015/Debian) (preloaded format=pdflatex 2018.8.17)  17 SEP 2018 12:39
entering extended mode
 restricted \write18 enabled.
 %&-line parsing enabled.
**lab2report.tex
(./lab2report.tex
LaTeX2e <2016/02/01>
Babel <3.9q> and hyphenation patterns for 81 language(s) loaded.
(/usr/share/texlive/texmf-dist/tex/latex/base/article.cls
Document Class: article 2014/09/29 v1.4h Standard LaTeX document class
(/usr/share/texlive/texmf-dist/tex/latex/base/size10.clo
File: size10.clo 2014/09/29 v1.4h Standard LaTeX file (size option)
)
\c@part=\count79
\c@section=\count80
\c@subsection=\count81
\c@subsubsection=\count82
\c@paragraph=\count83
\c@subparagraph=\count84
\c@figure=\count85
\c@table=\count86
\abovecaptionskip=\skip41
\belowcaptionskip=\skip42
\bibindent=\dimen102
)
(/usr/share/texlive/texmf-dist/tex/latex/amsmath/amsmath.sty
Package: amsmath 2016/03/03 v2.15a AMS math features
\@mathmargin=\skip43

For additional information on amsmath, use the `?' option.
(/usr/share/texlive/texmf-dist/tex/latex/amsmath/amstext.sty
Package: amstext 2000/06/29 v2.01 AMS text

(/usr/share/texlive/texmf-dist/tex/latex/amsmath/amsgen.sty
File: amsgen.sty 1999/11/30 v2.0 generic functions
\@emptytoks=\toks14
\ex@=\dimen103
))
(/usr/share/texlive/texmf-dist/tex/latex/amsmath/amsbsy.sty
Package: amsbsy 1999/11/29 v1.2d Bold Symbols
\pmbraise@=\dimen104
)
(/usr/share/texlive/texmf-dist/tex/latex/amsmath/amsopn.sty
Package: amsopn 1999/12/14 v2.01 operator names
)
\inf@bad=\count87
LaTeX Info: Redefining \frac on input line 199.
\uproot@=\count88
\leftroot@=\count89
LaTeX Info: Redefining \overline on input line 297.
\classnum@=\count90
\DOTSCASE@=\count91
LaTeX Info: Redefining \ldots on input line 394.
LaTeX Info: Redefining \dots on input line 397.
LaTeX Info: Redefining \cdots on input line 518.
\Mathstrutbox@=\box26
\strutbox@=\box27
\big@size=\dimen105
LaTeX Font Info:    Redeclaring font encoding OML on input line 630.
LaTeX Font Info:    Redeclaring font encoding OMS on input line 631.
\macc@depth=\count92
\c@MaxMatrixCols=\count93
\dotsspace@=\muskip10
\c@parentequation=\count94
\dspbrk@lvl=\count95
\tag@help=\toks15
\row@=\count96
\column@=\count97
\maxfields@=\count98
\andhelp@=\toks16
\eqnshift@=\dimen106
\alignsep@=\dimen107
\tagshift@=\dimen108
\tagwidth@=\dimen109
\totwidth@=\dimen110
\lineht@=\dimen111
\@envbody=\toks17
\multlinegap=\skip44
\multlinetaggap=\skip45
\mathdisplay@stack=\toks18
LaTeX Info: Redefining \[ on input line 2735.
LaTeX Info: Redefining \] on input line 2736.
)
(/usr/share/texlive/texmf-dist/tex/latex/graphics/graphicx.sty
Package: graphicx 2014/10/28 v1.0g Enhanced LaTeX Graphics (DPC,SPQR)

(/usr/share/texlive/texmf-dist/tex/latex/graphics/keyval.sty
Package: keyval 2014/10/28 v1.15 key=value parser (DPC)
\KV@toks@=\toks19
)
(/usr/share/texlive/texmf-dist/tex/latex/graphics/graphics.sty
Package: graphics 2016/01/03 v1.0q Standard LaTeX Graphics (DPC,SPQR)

(/usr/share/texlive/texmf-dist/tex/latex/graphics/trig.sty
Package: trig 2016/01/03 v1.10 sin cos tan (DPC)
)
(/usr/share/texlive/texmf-dist/tex/latex/latexconfig/graphics.cfg
File: graphics.cfg 2010/04/23 v1.9 graphics configuration of TeX Live
)
Package graphics Info: Driver file: pdftex.def on input line 95.

(/usr/share/texlive/texmf-dist/tex/latex/pdftex-def/pdftex.def
File: pdftex.def 2011/05/27 v0.06d Graphics/color for pdfTeX

(/usr/share/texlive/texmf-dist/tex/generic/oberdiek/infwarerr.sty
Package: infwarerr 2010/04/08 v1.3 Providing info/warning/error messages (HO)
)
(/usr/share/texlive/texmf-dist/tex/generic/oberdiek/ltxcmds.sty
Package: ltxcmds 2011/11/09 v1.22 LaTeX kernel commands for general use (HO)
)
\Gread@gobject=\count99
))
\Gin@req@height=\dimen112
\Gin@req@width=\dimen113
)
No file lab2report.aux.
\openout1 = `lab2report.aux'.

LaTeX Font Info:    Checking defaults for OML/cmm/m/it on input line 10.
LaTeX Font Info:    ... okay on input line 10.
LaTeX Font Info:    Checking defaults for T1/cmr/m/n on input line 10.
LaTeX Font Info:    ... okay on input line 10.
LaTeX Font Info:    Checking defaults for OT1/cmr/m/n on input line 10.
LaTeX Font Info:    ... okay on input line 10.
LaTeX Font Info:    Checking defaults for OMS/cmsy/m/n on input line 10.
LaTeX Font Info:    ... okay on input line 10.
LaTeX Font Info:    Checking defaults for OMX/cmex/m/n on input line 10.
LaTeX Font Info:    ... okay on input line 10.
LaTeX Font Info:    Checking defaults for U/cmr/m/n on input line 10.
LaTeX Font Info:    ... okay on input line 10.
(/usr/share/texlive/texmf-dist/tex/context/base/supp-pdf.mkii
[Loading MPS to PDF converter (version 2006.09.02).]
\scratchcounter=\count100
\scratchdimen=\dimen114
\scratchbox=\box28
\nofMPsegments=\count101
\nofMParguments=\count102
\everyMPshowfont=\toks20
\MPscratchCnt=\count103
\MPscratchDim=\dimen115
\MPnumerator=\count104
\makeMPintoPDFobject=\count105
\everyMPtoPDFconversion=\toks21
) (/usr/share/texlive/texmf-dist/tex/generic/oberdiek/pdftexcmds.sty
Package: pdftexcmds 2011/11/29 v0.20 Utility functions of pdfTeX for LuaTeX (HO
)

(/usr/share/texlive/texmf-dist/tex/generic/oberdiek/ifluatex.sty
Package: ifluatex 2010/03/01 v1.3 Provides the ifluatex switch (HO)
Package ifluatex Info: LuaTeX not detected.
)
(/usr/share/texlive/texmf-dist/tex/generic/oberdiek/ifpdf.sty
Package: ifpdf 2011/01/30 v2.3 Provides the ifpdf switch (HO)
Package ifpdf Info: pdfTeX in PDF mode is detected.
)
Package pdftexcmds Info: LuaTeX not detected.
Package pdftexcmds Info: \pdf@primitive is available.
Package pdftexcmds Info: \pdf@ifprimitive is available.
Package pdftexcmds Info: \pdfdraftmode found.
)
(/usr/share/texlive/texmf-dist/tex/latex/oberdiek/epstopdf-base.sty
Package: epstopdf-base 2010/02/09 v2.5 Base part for package epstopdf

(/usr/share/texlive/texmf-dist/tex/latex/oberdiek/grfext.sty
Package: grfext 2010/08/19 v1.1 Manage graphics extensions (HO)

(/usr/share/texlive/texmf-dist/tex/generic/oberdiek/kvdefinekeys.sty
Package: kvdefinekeys 2011/04/07 v1.3 Define keys (HO)
))
(/usr/share/texlive/texmf-dist/tex/latex/oberdiek/kvoptions.sty
Package: kvoptions 2011/06/30 v3.11 Key value format for package options (HO)

(/usr/share/texlive/texmf-dist/tex/generic/oberdiek/kvsetkeys.sty
Package: kvsetkeys 2012/04/25 v1.16 Key value parser (HO)

(/usr/share/texlive/texmf-dist/tex/generic/oberdiek/etexcmds.sty
Package: etexcmds 2011/02/16 v1.5 Avoid name clashes with e-TeX commands (HO)
Package etexcmds Info: Could not find \expanded.
(etexcmds)             That can mean that you are not using pdfTeX 1.50 or
(etexcmds)             that some package has redefined \expanded.
(etexcmds)             In the latter case, load this package earlier.
)))
Package grfext Info: Graphics extension search list:
(grfext)             [.png,.pdf,.jpg,.mps,.jpeg,.jbig2,.jb2,.PNG,.PDF,.JPG,.JPE
G,.JBIG2,.JB2,.eps]
(grfext)             \AppendGraphicsExtensions on input line 452.

(/usr/share/texlive/texmf-dist/tex/latex/latexconfig/epstopdf-sys.cfg
File: epstopdf-sys.cfg 2010/07/13 v1.3 Configuration of (r)epstopdf for TeX Liv
e
))
[1

{/var/lib/texmf/fonts/map/pdftex/updmap/pdftex.map}]
No file lab2report.toc.
\tf@toc=\write3
\openout3 = `lab2report.toc'.

[2

]
Overfull \hbox (12.69502pt too wide) in paragraph at lines 40--41
[]\OT1/cmr/m/n/10 Because the team as-sumed a pos-i-tive phase se-quence in ex-
per-i-men-ta-tion, wattmeter
 []

[3

]
Underfull \hbox (badness 10000) in paragraph at lines 60--61

 []

[4

] [5

]
Underfull \hbox (badness 10000) in paragraph at lines 75--76

 []

<Three_Phase_Unbalanced_Locus.png, id=26, 578.16pt x 434.5836pt>
File: Three_Phase_Unbalanced_Locus.png Graphic file (type png)

<use Three_Phase_Unbalanced_Locus.png>
Package pdftex.def Info: Three_Phase_Unbalanced_Locus.png used on input line 79
.
(pdftex.def)             Requested size: 276.00105pt x 207.45718pt.

<von_determination.png, id=27, 578.16pt x 434.5836pt>
File: von_determination.png Graphic file (type png)

<use von_determination.png>
Package pdftex.def Info: von_determination.png used on input line 85.
(pdftex.def)             Requested size: 276.00105pt x 207.45718pt.
 [6

 <./Three_Phase_Unbalanced_Locus.png> <./von_determination.png>]
! Missing $ inserted.
<inserted text> 
                $
l.120       V_
              {on} &  214.337 \angle127.134   & -  & 78.102 \angle230.194  \...

? 
! Extra }, or forgotten $.
<template> \unskip \hfil }
                          \hskip \tabcolsep \hskip -.5\arrayrulewidth \vrule...
l.120       V_{on} &
                      214.337 \angle127.134   & -  & 78.102 \angle230.194  \...

? 
! Missing $ inserted.
<inserted text> 
                $
l.120       V_{on} &
                      214.337 \angle127.134   & -  & 78.102 \angle230.194  \...

? 
! Missing } inserted.
<inserted text> 
                }
l.120       V_{on} &
                      214.337 \angle127.134   & -  & 78.102 \angle230.194  \...

? 
! Missing $ inserted.
<inserted text> 
                $
l.121       V_
              {ao} &  327.502 \angle-31.4     & \| 212.7  \|  &   208.806\an...

? 
! Extra }, or forgotten $.
<template> \unskip \hfil }
                          \hskip \tabcolsep \hskip -.5\arrayrulewidth \vrule...
l.121       V_{ao} &
                      327.502 \angle-31.4     & \| 212.7  \|  &   208.806\an...

? 
! Missing $ inserted.
<inserted text> 
                $
l.121       V_{ao} &
                      327.502 \angle-31.4     & \| 212.7  \|  &   208.806\an...

? 
! Missing } inserted.
<inserted text> 
                }
l.121       V_{ao} &
                      327.502 \angle-31.4     & \| 212.7  \|  &   208.806\an...

? 
! Missing $ inserted.
<inserted text> 
                $
l.121       V_{ao} &  327.502 \angle-31.4     & \|
                                                   212.7  \|  &   208.806\an...

? 
! Extra }, or forgotten $.
<template> \unskip \hfil }
                          \hskip \tabcolsep \hskip -.5\arrayrulewidth \vrule...
l.121 ...327.502 \angle-31.4     & \| 212.7  \|  &
                                                     208.806\angle16.699^o  ...

? 
! Missing $ inserted.
<inserted text> 
                $
l.121 ...327.502 \angle-31.4     & \| 212.7  \|  &
                                                     208.806\angle16.699^o  ...

? 
! Missing } inserted.
<inserted text> 
                }
l.121 ...327.502 \angle-31.4     & \| 212.7  \|  &
                                                     208.806\angle16.699^o  ...

? 
! Missing $ inserted.
<inserted text> 
                $
l.121 ... & \| 212.7  \|  &   208.806\angle16.699^
                                                  o  \\ \hline
? 
! Extra }, or forgotten $.
<template> \unskip \hfil }
                          \hskip \tabcolsep \hskip -.5\arrayrulewidth \vrule...
l.121 ... \|  &   208.806\angle16.699^o  \\ \hline
                                                  
? 
! Missing $ inserted.
<inserted text> 
                $
l.121 ... \|  &   208.806\angle16.699^o  \\ \hline
                                                  
? 
! Missing } inserted.
<inserted text> 
                }
l.121 ... \|  &   208.806\angle16.699^o  \\ \hline
                                                  
? 
! Missing $ inserted.
<inserted text> 
                $
l.122       V_
              {bo} &  68 \angle-36.98         & \| 75.4  \| &  191.541 \angl...

? 
! Extra }, or forgotten $.
<template> \unskip \hfil }
                          \hskip \tabcolsep \hskip -.5\arrayrulewidth \vrule...
l.122       V_{bo} &
                      68 \angle-36.98         & \| 75.4  \| &  191.541 \angl...

? 
! Missing $ inserted.
<inserted text> 
                $
l.122       V_{bo} &
                      68 \angle-36.98         & \| 75.4  \| &  191.541 \angl...

? 
! Missing } inserted.
<inserted text> 
                }
l.122       V_{bo} &
                      68 \angle-36.98         & \| 75.4  \| &  191.541 \angl...

? 
! Missing $ inserted.
<inserted text> 
                $
l.122       V_{bo} &  68 \angle-36.98         & \|
                                                   75.4  \| &  191.541 \angl...

? 
! Extra }, or forgotten $.
<template> \unskip \hfil }
                          \hskip \tabcolsep \hskip -.5\arrayrulewidth \vrule...
l.122 ...  68 \angle-36.98         & \| 75.4  \| &
                                                    191.541 \angle97.499^o  ...

? 
! Missing $ inserted.
<inserted text> 
                $
l.122 ...  68 \angle-36.98         & \| 75.4  \| &
                                                    191.541 \angle97.499^o  ...

? 
! Missing } inserted.
<inserted text> 
                }
l.122 ...  68 \angle-36.98         & \| 75.4  \| &
                                                    191.541 \angle97.499^o  ...

? 
! Missing $ inserted.
<inserted text> 
                $
l.122 ...   & \| 75.4  \| &  191.541 \angle97.499^
                                                  o   \\ \hline
? 
! Extra }, or forgotten $.
<template> \unskip \hfil }
                          \hskip \tabcolsep \hskip -.5\arrayrulewidth \vrule...
l.122 ... \| &  191.541 \angle97.499^o   \\ \hline
                                                  
? 
! Missing $ inserted.
<inserted text> 
                $
l.122 ... \| &  191.541 \angle97.499^o   \\ \hline
                                                  
? 
! Missing } inserted.
<inserted text> 
                }
l.122 ... \| &  191.541 \angle97.499^o   \\ \hline
                                                  
? 
! Missing $ inserted.
<inserted text> 
                $
l.123       V_
              {co} &  225 \angle 76.04        & \| 192.7  \|  &    74.2404 \...

? 
! Extra }, or forgotten $.
<template> \unskip \hfil }
                          \hskip \tabcolsep \hskip -.5\arrayrulewidth \vrule...
l.123       V_{co} &
                      225 \angle 76.04        & \| 192.7  \|  &    74.2404 \...

? 
! Missing $ inserted.
<inserted text> 
                $
l.123       V_{co} &
                      225 \angle 76.04        & \| 192.7  \|  &    74.2404 \...

? 
! Missing } inserted.
<inserted text> 
                }
l.123       V_{co} &
                      225 \angle 76.04        & \| 192.7  \|  &    74.2404 \...

? 
! Missing $ inserted.
<inserted text> 
                $
l.123       V_{co} &  225 \angle 76.04        & \|
                                                   192.7  \|  &    74.2404 \...

? 
! Extra }, or forgotten $.
<template> \unskip \hfil }
                          \hskip \tabcolsep \hskip -.5\arrayrulewidth \vrule...
l.123 ...225 \angle 76.04        & \| 192.7  \|  &
                                                      74.2404 \angle-109.67^...

? 
! Missing $ inserted.
<inserted text> 
                $
l.123 ...225 \angle 76.04        & \| 192.7  \|  &
                                                      74.2404 \angle-109.67^...

? 
! Missing } inserted.
<inserted text> 
                }
l.123 ...225 \angle 76.04        & \| 192.7  \|  &
                                                      74.2404 \angle-109.67^...

? 
! Missing $ inserted.
<inserted text> 
                $
l.123 ...\| 192.7  \|  &    74.2404 \angle-109.67^
                                                  o  \\ \hline
? 
! Extra }, or forgotten $.
<template> \unskip \hfil }
                          \hskip \tabcolsep \hskip -.5\arrayrulewidth \vrule...
l.123 ...  &    74.2404 \angle-109.67^o  \\ \hline
                                                  
? 
! Missing $ inserted.
<inserted text> 
                $
l.123 ...  &    74.2404 \angle-109.67^o  \\ \hline
                                                  
? 
! Missing } inserted.
<inserted text> 
                }
l.123 ...  &    74.2404 \angle-109.67^o  \\ \hline
                                                  
? 

Underfull \hbox (badness 10000) in paragraph at lines 129--130

 []


Underfull \hbox (badness 10000) in paragraph at lines 129--130

 []

[7

]
! Missing $ inserted.
<inserted text> 
                $
l.147     I_
            {O}   & 1.688  & Not Performed \\ \hline
? 
! Extra }, or forgotten $.
<template> \unskip \hfil }
                          \hskip \tabcolsep \hskip -.5\arrayrulewidth \vrule...
l.147     I_{O}   &
                    1.688  & Not Performed \\ \hline
? 
! Missing $ inserted.
<inserted text> 
                $
l.147     I_{O}   &
                    1.688  & Not Performed \\ \hline
? 
! Missing } inserted.
<inserted text> 
                }
l.147     I_{O}   &
                    1.688  & Not Performed \\ \hline
? 
! Missing $ inserted.
<inserted text> 
                $
l.148     I_
            {AO}  & 0.904  & Not Performed \\ \hline
? 
! Extra }, or forgotten $.
<template> \unskip \hfil }
                          \hskip \tabcolsep \hskip -.5\arrayrulewidth \vrule...
l.148     I_{AO}  &
                    0.904  & Not Performed \\ \hline
? 
! Missing $ inserted.
<inserted text> 
                $
l.148     I_{AO}  &
                    0.904  & Not Performed \\ \hline
? 
! Missing } inserted.
<inserted text> 
                }
l.148     I_{AO}  &
                    0.904  & Not Performed \\ \hline
? 
! Missing $ inserted.
<inserted text> 
                $
l.149     I_
            {BO}  & 1.516  & Not Performed \\ \hline
? 
! Extra }, or forgotten $.
<template> \unskip \hfil }
                          \hskip \tabcolsep \hskip -.5\arrayrulewidth \vrule...
l.149     I_{BO}  &
                    1.516  & Not Performed \\ \hline
? 
! Missing $ inserted.
<inserted text> 
                $
l.149     I_{BO}  &
                    1.516  & Not Performed \\ \hline
? 
! Missing } inserted.
<inserted text> 
                }
l.149     I_{BO}  &
                    1.516  & Not Performed \\ \hline
? 
! Missing $ inserted.
<inserted text> 
                $
l.150     I_
            {CO}  & 1.528  & Not Performed \\ \hline
? 
! Extra }, or forgotten $.
<template> \unskip \hfil }
                          \hskip \tabcolsep \hskip -.5\arrayrulewidth \vrule...
l.150     I_{CO}  &
                    1.528  & Not Performed \\ \hline
? 
! Missing $ inserted.
<inserted text> 
                $
l.150     I_{CO}  &
                    1.528  & Not Performed \\ \hline
? 
! Missing } inserted.
<inserted text> 
                }
l.150     I_{CO}  &
                    1.528  & Not Performed \\ \hline
? 

Underfull \hbox (badness 10000) in paragraph at lines 153--154

 []


Underfull \hbox (badness 10000) in paragraph at lines 153--154

 []

[8

] (./lab2report.aux)

LaTeX Warning: Label(s) may have changed. Rerun to get cross-references right.

 ) 
Here is how much of TeX's memory you used:
 2105 strings out of 493029
 28340 string characters out of 6136234
 93938 words of memory out of 5000000
 5632 multiletter control sequences out of 15000+600000
 9061 words of font info for 33 fonts, out of 8000000 for 9000
 1141 hyphenation exceptions out of 8191
 37i,12n,23p,369b,226s stack positions out of 5000i,500n,10000p,200000b,80000s
</usr/share/texlive/texmf-dist/fonts/type1/public/amsfonts/cm/cmbx12.pfb></us
r/share/texlive/texmf-dist/fonts/type1/public/amsfonts/cm/cmex10.pfb></usr/shar
e/texlive/texmf-dist/fonts/type1/public/amsfonts/cm/cmmi10.pfb></usr/share/texl
ive/texmf-dist/fonts/type1/public/amsfonts/cm/cmmi7.pfb></usr/share/texlive/tex
mf-dist/fonts/type1/public/amsfonts/cm/cmr10.pfb></usr/share/texlive/texmf-dist
/fonts/type1/public/amsfonts/cm/cmr12.pfb></usr/share/texlive/texmf-dist/fonts/
type1/public/amsfonts/cm/cmr17.pfb></usr/share/texlive/texmf-dist/fonts/type1/p
ublic/amsfonts/cm/cmr7.pfb></usr/share/texlive/texmf-dist/fonts/type1/public/am
sfonts/cm/cmsy10.pfb></usr/share/texlive/texmf-dist/fonts/type1/public/amsfonts
/cm/cmsy7.pfb></usr/share/texlive/texmf-dist/fonts/type1/public/amsfonts/cm/cmt
i10.pfb>
Output written on lab2report.pdf (8 pages, 197331 bytes).
PDF statistics:
 77 PDF objects out of 1000 (max. 8388607)
 53 compressed objects within 1 object stream
 0 named destinations out of 1000 (max. 500000)
 11 words of extra memory for PDF output out of 10000 (max. 10000000)

